<?xml version="1.0" encoding="UTF-8"?>
<testng-results skipped="0" failed="0" ignored="0" total="1" passed="1">
  <reporter-output>
  </reporter-output>
  <suite name="Default suite" duration-ms="38312" started-at="2017-12-06T19:49:33Z" finished-at="2017-12-06T19:50:11Z">
    <groups>
    </groups>
    <test name="Default test" duration-ms="38312" started-at="2017-12-06T19:49:33Z" finished-at="2017-12-06T19:50:11Z">
      <class name="Setup.NewTest">
        <test-method status="PASS" signature="f()[pri:0, instance:Setup.NewTest@77caeb3e]" name="f" duration-ms="38277" started-at="2017-12-07T01:19:33Z" finished-at="2017-12-07T01:20:11Z">
          <reporter-output>
          </reporter-output>
        </test-method> <!-- f -->
      </class> <!-- Setup.NewTest -->
    </test> <!-- Default test -->
  </suite> <!-- Default suite -->
</testng-results>
